0 info it worked if it ends with ok
1 verbose cli [ 'D:\\前端\\node.js\\node.exe',
1 verbose cli   'D:\\前端\\node.js\\node_modules\\npm\\bin\\npm-cli.js',
1 verbose cli   'run',
1 verbose cli   'dev' ]
2 info using npm@3.10.10
3 info using node@v6.10.1
4 verbose run-script [ 'predev', 'dev', 'postdev' ]
5 info lifecycle ele_app@1.0.0~predev: ele_app@1.0.0
6 silly lifecycle ele_app@1.0.0~predev: no script for predev, continuing
7 info lifecycle ele_app@1.0.0~dev: ele_app@1.0.0
8 verbose lifecycle ele_app@1.0.0~dev: unsafe-perm in lifecycle true
9 verbose lifecycle ele_app@1.0.0~dev: PATH: D:\前端\node.js\node_modules\npm\bin\node-gyp-bin;D:\前端\前端\vue_project\ele_app\node_modules\.bin;C:\Program Files (x86)\Intel\iCLS Client\;C:\Program Files\Intel\iCLS Client\;C:\windows\system32;C:\windows;C:\windows\System32\Wbem;C:\windows\System32\WindowsPowerShell\v1.0\;C:\Program Files (x86)\NVIDIA Corporation\PhysX\Common;C:\Program Files (x86)\Intel\Intel(R) Management Engine Components\DAL;C:\Program Files\Intel\Intel(R) Management Engine Components\DAL;C:\Program Files (x86)\Intel\Intel(R) Management Engine Components\IPT;C:\Program Files\Intel\Intel(R) Management Engine Components\IPT;D:\前端\node.js\;D;\前端\node.js\node_global;D;\mongoDB\bin;D:\svn\SlikSvn\bin;D:\svn\TortoiseSVN\bin;D:\前端\node.js\node_global;C:\Users\王锦辉\AppData\Local\Microsoft\WindowsApps;C:\Users\王锦辉\AppData\Roaming\npm
10 verbose lifecycle ele_app@1.0.0~dev: CWD: D:\前端\前端\vue_project\ele_app
11 silly lifecycle ele_app@1.0.0~dev: Args: [ '/d /s /c', 'node build/dev-server.js' ]
12 verbose stack Error: kill ENOSYS
12 verbose stack     at exports._errnoException (util.js:1018:11)
12 verbose stack     at process.kill (internal/process.js:190:13)
12 verbose stack     at process.listener (D:\前端\node.js\node_modules\npm\node_modules\npmlog\node_modules\gauge\node_modules\signal-exit\index.js:86:15)
12 verbose stack     at emitNone (events.js:91:20)
12 verbose stack     at process.emit (events.js:185:7)
12 verbose stack     at processEmit (D:\前端\node.js\node_modules\npm\node_modules\npmlog\node_modules\gauge\node_modules\signal-exit\index.js:146:32)
12 verbose stack     at processEmit (D:\前端\node.js\node_modules\npm\node_modules\npm-registry-client\node_modules\npmlog\node_modules\gauge\node_modules\signal-exit\index.js:146:32)
12 verbose stack     at Signal.wrap.onsignal (internal/process.js:217:44)
13 verbose cwd D:\前端\前端\vue_project\ele_app
14 error Windows_NT 10.0.14393
15 error argv "D:\\前端\\node.js\\node.exe" "D:\\前端\\node.js\\node_modules\\npm\\bin\\npm-cli.js" "run" "dev"
16 error node v6.10.1
17 error npm  v3.10.10
18 error code ENOSYS
19 error errno ENOSYS
20 error syscall kill
21 error kill ENOSYS
22 error If you need help, you may report this error at:
22 error     <https://github.com/npm/npm/issues>
23 verbose exit [ 1, true ]
